<?xml version="1.0" encoding="UTF-8"?>
<testsuite name="com.neilson.problems.Problem2" tests="1" skipped="0" failures="0" errors="0" timestamp="2014-12-29T13:31:59" hostname="neilson.local" time="0.019">
  <properties/>
  <testcase name="testNthElement" classname="com.neilson.problems.Problem2" time="0.019"/>
  <system-out><![CDATA[]]></system-out>
  <system-err><![CDATA[]]></system-err>
</testsuite>
