<?xml version="1.0" encoding="UTF-8"?>
<testsuite name="com.neilson.problems.Problem6" tests="8" skipped="0" failures="0" errors="0" timestamp="2015-01-01T23:52:10" hostname="neilson.local" time="0.026">
  <properties/>
  <testcase name="countElementsOnLoop2" classname="com.neilson.problems.Problem6" time="0.0"/>
  <testcase name="findBeginOfLoop" classname="com.neilson.problems.Problem6" time="0.001"/>
  <testcase name="loopInAListV2" classname="com.neilson.problems.Problem6" time="0.0"/>
  <testcase name="loopInAList" classname="com.neilson.problems.Problem6" time="0.0"/>
  <testcase name="countElementsOnLoop2" classname="com.neilson.problems.Problem6" time="0.001"/>
  <testcase name="findBeginOfLoop" classname="com.neilson.problems.Problem6" time="0.0"/>
  <testcase name="loopInAListV2" classname="com.neilson.problems.Problem6" time="0.0"/>
  <testcase name="loopInAList" classname="com.neilson.problems.Problem6" time="0.0"/>
  <system-out><![CDATA[]]></system-out>
  <system-err><![CDATA[]]></system-err>
</testsuite>
