<?xml version="1.0" encoding="UTF-8"?>
<testsuite name="com.neilson.problems.Problem2" tests="2" skipped="0" failures="0" errors="0" timestamp="2015-01-01T23:52:10" hostname="neilson.local" time="0.028">
  <properties/>
  <testcase name="testNthElement" classname="com.neilson.problems.Problem2" time="0.001"/>
  <testcase name="testNthElement" classname="com.neilson.problems.Problem2" time="0.003"/>
  <system-out><![CDATA[]]></system-out>
  <system-err><![CDATA[]]></system-err>
</testsuite>
