<?xml version="1.0" encoding="UTF-8"?>
<testsuite name="com.neilson.problems.Problem1" tests="2" skipped="0" failures="0" errors="0" timestamp="2015-01-01T23:52:10" hostname="neilson.local" time="0.068">
  <properties/>
  <testcase name="testPush" classname="com.neilson.problems.Problem1" time="0.004"/>
  <testcase name="testPush" classname="com.neilson.problems.Problem1" time="0.0"/>
  <system-out><![CDATA[]]></system-out>
  <system-err><![CDATA[]]></system-err>
</testsuite>
